[21:35:55] [main/INFO]: Environment: authHost='https://authserver.mojang.com', accountsHost='https://api.mojang.com', sessionHost='https://sessionserver.mojang.com', servicesHost='https://api.minecraftservices.com', name='PROD'
[21:35:55] [main/WARN]: Ambiguity between arguments [teleport, location] and [teleport, destination] with inputs: [0.1 -0.5 .9, 0 0 0]
[21:35:55] [main/WARN]: Ambiguity between arguments [teleport, location] and [teleport, targets] with inputs: [0.1 -0.5 .9, 0 0 0]
[21:35:55] [main/WARN]: Ambiguity between arguments [teleport, destination] and [teleport, targets] with inputs: [Player, 0123, @e, dd12be42-52a9-4a91-a8a1-11c01849e498]
[21:35:55] [main/WARN]: Ambiguity between arguments [teleport, targets] and [teleport, destination] with inputs: [Player, 0123, dd12be42-52a9-4a91-a8a1-11c01849e498]
[21:35:55] [main/WARN]: Ambiguity between arguments [teleport, targets, location] and [teleport, targets, destination] with inputs: [0.1 -0.5 .9, 0 0 0]
[21:35:55] [main/INFO]: Reloading ResourceManager: Default
[21:35:57] [Worker-Main-2/INFO]: Loaded 7 recipes
[21:35:57] [Worker-Main-2/INFO]: Loaded 1137 advancements
[21:35:59] [Server thread/INFO]: Starting minecraft server version 1.17.1
[21:35:59] [Server thread/INFO]: Loading properties
[21:35:59] [Server thread/INFO]: Default game type: SURVIVAL
[21:35:59] [Server thread/INFO]: Generating keypair
[21:35:59] [Server thread/INFO]: Starting Minecraft server on *:25565
[21:35:59] [Server thread/INFO]: Using epoll channel type
[21:35:59] [Server thread/INFO]: Preparing level "world"
[21:36:00] [Server thread/INFO]: Preparing start region for dimension minecraft:overworld
[21:36:01] [Worker-Main-2/INFO]: Preparing spawn area: 0%
[21:36:01] [Worker-Main-2/INFO]: Preparing spawn area: 0%
[21:36:01] [Worker-Main-2/INFO]: Preparing spawn area: 0%
[21:36:01] [Worker-Main-2/INFO]: Preparing spawn area: 0%
[21:36:02] [Worker-Main-2/INFO]: Preparing spawn area: 0%
[21:36:02] [Worker-Main-2/INFO]: Preparing spawn area: 0%
[21:36:03] [Worker-Main-2/INFO]: Preparing spawn area: 0%
[21:36:06] [Worker-Main-2/INFO]: Preparing spawn area: 0%
[21:36:06] [Worker-Main-2/INFO]: Preparing spawn area: 0%
[21:36:06] [Worker-Main-2/INFO]: Preparing spawn area: 0%
[21:36:06] [Worker-Main-2/INFO]: Preparing spawn area: 0%
[21:36:06] [Worker-Main-2/INFO]: Preparing spawn area: 0%
[21:36:06] [Worker-Main-2/INFO]: Preparing spawn area: 0%
[21:36:06] [Worker-Main-2/INFO]: Preparing spawn area: 17%
[21:36:07] [Worker-Main-2/INFO]: Preparing spawn area: 36%
[21:36:08] [Worker-Main-2/INFO]: Preparing spawn area: 52%
[21:36:08] [Worker-Main-2/INFO]: Preparing spawn area: 66%
[21:36:09] [Server thread/INFO]: Time elapsed: 8737 ms
[21:36:09] [Server thread/INFO]: Done (9.178s)! For help, type "help"
[21:37:32] [User Authenticator #1/INFO]: UUID of player ElementalM1st is 75e9155f-294e-43f1-8e57-bb6e3c9c5872
[21:37:33] [Server thread/INFO]: ElementalM1st[/192.168.1.1:63838] logged in with entity id 128 at (-505.69999998807907, 92.5, -396.8832104985158)
[21:37:33] [Server thread/INFO]: ElementalM1st joined the game
[21:37:48] [Server thread/INFO]: ElementalM1st lost connection: Disconnected
[21:37:48] [Server thread/INFO]: ElementalM1st left the game
